Arguments: 
  /usr/local/bin/node /usr/local/bin/yarn add chalk

PATH: 
  /Users/workpay/.rbenv/shims:/Library/Frameworks/Python.framework/Versions/3.8/bin:/usr/local/bin:/usr/bin:/bin:/usr/sbin:/sbin:/Library/Apple/usr/bin:/Users/workpay/.rbenv/shims:/Library/Frameworks/Python.framework/Versions/3.8/bin:/Users/workpay/Library/Android/sdk/emulator:/Users/workpay/Library/Android/sdk/tools:/Users/workpay/Library/Android/sdk/tools/bin:/Users/workpay/Library/Android/sdk/platform-tools:/Users/workpay/Library/Android/sdk/emulator:/Users/workpay/Library/Android/sdk/tools:/Users/workpay/Library/Android/sdk/tools/bin:/Users/workpay/Library/Android/sdk/platform-tools:/Users/workpay/Library/Android/sdk/emulator:/Users/workpay/Library/Android/sdk/tools:/Users/workpay/Library/Android/sdk/tools/bin

Yarn version: 
  1.22.4

Node version: 
  14.15.0

Platform: 
  darwin x64

Trace: 
  Error: getaddrinfo ENOTFOUND registry.yarnpkg.com
      at GetAddrInfoReqWrap.onlookup [as oncomplete] (dns.js:67:26)

npm manifest: 
  {
    "name": "note_app",
    "version": "1.0.0",
    "main": "app.js",
    "author": "daniel",
    "license": "MIT",
    "dependencies": {
      "validator": "^13.1.17"
    }
  }

yarn manifest: 
  No manifest

Lockfile: 
  # THIS IS AN AUTOGENERATED FILE. DO NOT EDIT THIS FILE DIRECTLY.
  # yarn lockfile v1
  
  
  validator@^13.1.17:
    version "13.1.17"
    resolved "https://registry.yarnpkg.com/validator/-/validator-13.1.17.tgz#ad677736950adddd3c37209484a6b2e0966579ad"
    integrity sha512-zL5QBoemJ3jYFb2/j38y7ljhwYGXVLUp8H6W1nVxadnAOvUOytec+L7BHh1oBQ82/TzWXHd+GSaxUWp4lROkLg==
